<?xml version="1.0" encoding="UTF-8"?>
<!-- Generated by org.testng.reporters.JUnitReportReporter -->
<testsuite hostname="TTNPL-BhanuGusain" failures="0" tests="2" name="testCases.LoginTest" time="9.342" errors="0" timestamp="2023-05-04T10:31:22 IST" skipped="0">
  <testcase classname="testCases.LoginTest" name="logindetail" time="9.316"/>
  <system-out/>
  <testcase classname="testCases.LoginTest" name="loginPageTitleTest" time="0.026"/>
  <system-out/>
</testsuite> <!-- testCases.LoginTest -->
