<?xml version="1.0" encoding="UTF-8"?>
<!-- Generated by org.testng.reporters.JUnitReportReporter -->
<testsuite hostname="TTNPL-BhanuGusain" failures="0" tests="2" name="testCases.LoginTest" time="9.154" errors="0" timestamp="2023-05-04T14:21:02 IST" skipped="0">
  <testcase classname="testCases.LoginTest" name="loginPageTitleTest" time="0.024"/>
  <system-out/>
  <testcase classname="testCases.LoginTest" name="logindetail" time="9.130"/>
  <system-out/>
</testsuite> <!-- testCases.LoginTest -->
